[debug] [2023-09-07T20:20:00.667Z] ----------------------------------------------------------------------
[debug] [2023-09-07T20:20:00.669Z] Command:       C:\Program Files\nodejs\node.exe C:\Users\omarc\AppData\Roaming\npm\node_modules\firebase-tools\lib\bin\firebase.js init
[debug] [2023-09-07T20:20:00.669Z] CLI Version:   12.5.2
[debug] [2023-09-07T20:20:00.669Z] Platform:      win32
[debug] [2023-09-07T20:20:00.670Z] Node Version:  v18.17.1
[debug] [2023-09-07T20:20:00.670Z] Time:          Thu Sep 07 2023 15:20:00 GMT-0500 (Peru Standard Time)
[debug] [2023-09-07T20:20:00.670Z] ----------------------------------------------------------------------
[debug] 
[debug] [2023-09-07T20:20:00.677Z] > command requires scopes: ["email","openid","https://www.googleapis.com/auth/cloudplatformprojects.readonly","https://www.googleapis.com/auth/firebase","https://www.googleapis.com/auth/cloud-platform"]
[debug] [2023-09-07T20:20:00.677Z] > authorizing via signed-in user (omarcm070400@gmail.com)
[info] 
     ######## #### ########  ######## ########     ###     ######  ########
     ##        ##  ##     ## ##       ##     ##  ##   ##  ##       ##
     ######    ##  ########  ######   ########  #########  ######  ######
     ##        ##  ##    ##  ##       ##     ## ##     ##       ## ##
     ##       #### ##     ## ######## ########  ##     ##  ######  ########

You're about to initialize a Firebase project in this directory:

  D:\iglesia\astronautical-aperture

[info] 
=== Project Setup
[info] 
[info] First, let's associate this project directory with a Firebase project.
[info] You can create multiple project aliases by running firebase use --add, 
[info] but for now we'll just set up a default project.
[info] 
[debug] [2023-09-07T20:25:40.625Z] >>> [apiv2][query] GET https://firebase.googleapis.com/v1beta1/projects pageSize=100
[debug] [2023-09-07T20:25:41.798Z] <<< [apiv2][status] GET https://firebase.googleapis.com/v1beta1/projects 200
[debug] [2023-09-07T20:25:41.798Z] <<< [apiv2][body] GET https://firebase.googleapis.com/v1beta1/projects [omitted]
[info] i  Using project ovcm-test (OVCM-TEST) 
[info] 
=== Hosting Setup
[info] 
[info] Your public directory is the folder (relative to your project directory) that
[info] will contain Hosting assets to be uploaded with firebase deploy. If you
[info] have a build process for your assets, use your build's output directory.
[info] 
[debug] [2023-09-07T20:26:26.295Z] >>> [apiv2][query] GET https://www.gstatic.com/firebasejs/releases.json [none]
[debug] [2023-09-07T20:26:27.157Z] <<< [apiv2][status] GET https://www.gstatic.com/firebasejs/releases.json 200
[debug] [2023-09-07T20:26:27.157Z] <<< [apiv2][body] GET https://www.gstatic.com/firebasejs/releases.json {"current":{"version":"10.3.1","browserURL":"https://www.gstatic.com/firebasejs/10.3.1/firebase.js","packageURL":"https://www.gstatic.com/firebasejs/10.3.1/firebase.tgz"},"live":{"version":"10.3","browserURL":"https://www.gstatic.com/firebasejs/live/10.3/firebase.js","packageURL":"https://www.gstatic.com/firebasejs/live/10.3/firebase.tgz"},"components":{"analytics":"https://www.gstatic.com/firebasejs/10.3.1/firebase-analytics.js","app":"https://www.gstatic.com/firebasejs/10.3.1/firebase-app.js","app-check":"https://www.gstatic.com/firebasejs/10.3.1/firebase-app-check.js","auth":"https://www.gstatic.com/firebasejs/10.3.1/firebase-auth.js","auth/cordova":"https://www.gstatic.com/firebasejs/10.3.1/firebase-auth/cordova.js","functions":"https://www.gstatic.com/firebasejs/10.3.1/firebase-functions.js","firestore":"https://www.gstatic.com/firebasejs/10.3.1/firebase-firestore.js","firestore/lite":"https://www.gstatic.com/firebasejs/10.3.1/firebase-firestore/lite.js","installations":"https://www.gstatic.com/firebasejs/10.3.1/firebase-installations.js","storage":"https://www.gstatic.com/firebasejs/10.3.1/firebase-storage.js","performance":"https://www.gstatic.com/firebasejs/10.3.1/firebase-performance.js","remote-config":"https://www.gstatic.com/firebasejs/10.3.1/firebase-remote-config.js","messaging":"https://www.gstatic.com/firebasejs/10.3.1/firebase-messaging.js","messaging/sw":"https://www.gstatic.com/firebasejs/10.3.1/firebase-messaging/sw.js","database":"https://www.gstatic.com/firebasejs/10.3.1/firebase-database.js","firestore.memory":"https://www.gstatic.com/firebasejs/10.3.1/firebase-firestore.memory.js"}}
[info] +  Wrote public/index.html 
[info] 
[info] i  Didn't detect a .git folder. Assuming D:\iglesia\astronautical-aperture is the project root. 
[info] i  Authorizing with GitHub to upload your service account to a GitHub repository's secrets store. 
[info] 
[info] Visit this URL on this device to log in:
[info] https://github.com/login/oauth/authorize?client_id=89cf50f02ac6aaed3484&state=245243009&redirect_uri=http%3A%2F%2Flocalhost%3A9005&scope=read%3Auser%20repo%20public_repo
[info] 
[info] Waiting for authentication...
[debug] [2023-09-07T20:26:27.728Z] >>> [apiv2][query] POST https://github.com/login/oauth/access_token [none]
[debug] [2023-09-07T20:26:27.728Z] >>> [apiv2][body] POST https://github.com/login/oauth/access_token [stream]
[debug] [2023-09-07T20:26:28.087Z] <<< [apiv2][status] POST https://github.com/login/oauth/access_token 200
[debug] [2023-09-07T20:26:28.087Z] <<< [apiv2][body] POST https://github.com/login/oauth/access_token {"access_token":"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","token_type":"bearer","scope":"read:user,repo"}
[debug] [2023-09-07T20:26:28.091Z] >>> [apiv2][query] GET https://api.github.com/user [none]
[debug] [2023-09-07T20:26:28.469Z] <<< [apiv2][status] GET https://api.github.com/user 200
[debug] [2023-09-07T20:26:28.469Z] <<< [apiv2][body] GET https://api.github.com/user {"login":"omarcaballero","id":39639425,"node_id":"MDQ6VXNlcjM5NjM5NDI1","avatar_url":"https://avatars.githubusercontent.com/u/39639425?v=4","gravatar_id":"","url":"https://api.github.com/users/omarcaballero","html_url":"https://github.com/omarcaballero","followers_url":"https://api.github.com/users/omarcaballero/followers","following_url":"https://api.github.com/users/omarcaballero/following{/other_user}","gists_url":"https://api.github.com/users/omarcaballero/gists{/gist_id}","starred_url":"https://api.github.com/users/omarcaballero/starred{/owner}{/repo}","subscriptions_url":"https://api.github.com/users/omarcaballero/subscriptions","organizations_url":"https://api.github.com/users/omarcaballero/orgs","repos_url":"https://api.github.com/users/omarcaballero/repos","events_url":"https://api.github.com/users/omarcaballero/events{/privacy}","received_events_url":"https://api.github.com/users/omarcaballero/received_events","type":"User","site_admin":false,"name":null,"company":null,"blog":"","location":null,"email":null,"hireable":null,"bio":null,"twitter_username":null,"public_repos":0,"public_gists":0,"followers":0,"following":0,"created_at":"2018-05-26T02:16:08Z","updated_at":"2023-08-08T14:54:52Z","private_gists":2,"total_private_repos":3,"owned_private_repos":3,"disk_usage":79715,"collaborators":1,"two_factor_authentication":false,"plan":{"name":"free","space":976562499,"collaborators":0,"private_repos":10000}}
[info] 
[info] +  Success! Logged into GitHub as omarcaballero 
[info] 
[debug] [2023-09-07T20:26:45.087Z] >>> [apiv2][query] GET https://api.github.com/repos//actions/secrets/public-key type=owner
[debug] [2023-09-07T20:26:45.431Z] <<< [apiv2][status] GET https://api.github.com/repos//actions/secrets/public-key 404
[debug] [2023-09-07T20:26:45.432Z] <<< [apiv2][body] GET https://api.github.com/repos//actions/secrets/public-key {"message":"Not Found","documentation_url":"https://docs.github.com/rest"}
[info] 
[info] 
[error] !  The provided authorization cannot be used with this repository. If this repository is in an organization, did you remember to grant access? 
[info] 
[info] i  Action required: Visit this URL to ensure access has been granted to the appropriate organization(s) for the Firebase CLI GitHub OAuth App: 
[info] https://github.com/settings/connections/applications/89cf50f02ac6aaed3484
[info] 
[debug] [2023-09-07T20:27:29.863Z] >>> [apiv2][query] GET https://api.github.com/repos/repository/actions/secrets/public-key type=owner
[debug] [2023-09-07T20:27:30.210Z] <<< [apiv2][status] GET https://api.github.com/repos/repository/actions/secrets/public-key 404
[debug] [2023-09-07T20:27:30.211Z] <<< [apiv2][body] GET https://api.github.com/repos/repository/actions/secrets/public-key {"message":"Not Found","documentation_url":"https://docs.github.com/rest"}
[info] 
[info] 
[error] !  The provided authorization cannot be used with this repository. If this repository is in an organization, did you remember to grant access? 
[info] 
[info] i  Action required: Visit this URL to ensure access has been granted to the appropriate organization(s) for the Firebase CLI GitHub OAuth App: 
[info] https://github.com/settings/connections/applications/89cf50f02ac6aaed3484
[info] 
[debug] [2023-09-07T20:27:36.351Z] >>> [apiv2][query] GET https://api.github.com/repos/repository/actions/secrets/public-key type=owner
[debug] [2023-09-07T20:27:36.702Z] <<< [apiv2][status] GET https://api.github.com/repos/repository/actions/secrets/public-key 404
[debug] [2023-09-07T20:27:36.702Z] <<< [apiv2][body] GET https://api.github.com/repos/repository/actions/secrets/public-key {"message":"Not Found","documentation_url":"https://docs.github.com/rest"}
[info] 
[info] 
[error] !  The provided authorization cannot be used with this repository. If this repository is in an organization, did you remember to grant access? 
[info] 
[info] i  Action required: Visit this URL to ensure access has been granted to the appropriate organization(s) for the Firebase CLI GitHub OAuth App: 
[info] https://github.com/settings/connections/applications/89cf50f02ac6aaed3484
[info] 
[debug] [2023-09-07T20:27:50.991Z] >>> [apiv2][query] GET https://api.github.com/repos//actions/secrets/public-key type=owner
[debug] [2023-09-07T20:27:51.329Z] <<< [apiv2][status] GET https://api.github.com/repos//actions/secrets/public-key 404
[debug] [2023-09-07T20:27:51.329Z] <<< [apiv2][body] GET https://api.github.com/repos//actions/secrets/public-key {"message":"Not Found","documentation_url":"https://docs.github.com/rest"}
[info] 
[info] 
[error] !  The provided authorization cannot be used with this repository. If this repository is in an organization, did you remember to grant access? 
[info] 
[info] i  Action required: Visit this URL to ensure access has been granted to the appropriate organization(s) for the Firebase CLI GitHub OAuth App: 
[info] https://github.com/settings/connections/applications/89cf50f02ac6aaed3484
[info] 
[debug] [2023-09-07T20:28:04.004Z] ----------------------------------------------------------------------
[debug] [2023-09-07T20:28:04.005Z] Command:       C:\Program Files\nodejs\node.exe C:\Users\omarc\AppData\Roaming\npm\node_modules\firebase-tools\lib\bin\firebase.js init
[debug] [2023-09-07T20:28:04.005Z] CLI Version:   12.5.2
[debug] [2023-09-07T20:28:04.006Z] Platform:      win32
[debug] [2023-09-07T20:28:04.006Z] Node Version:  v18.17.1
[debug] [2023-09-07T20:28:04.006Z] Time:          Thu Sep 07 2023 15:28:04 GMT-0500 (Peru Standard Time)
[debug] [2023-09-07T20:28:04.006Z] ----------------------------------------------------------------------
[debug] 
[debug] [2023-09-07T20:28:04.013Z] > command requires scopes: ["email","openid","https://www.googleapis.com/auth/cloudplatformprojects.readonly","https://www.googleapis.com/auth/firebase","https://www.googleapis.com/auth/cloud-platform"]
[debug] [2023-09-07T20:28:04.013Z] > authorizing via signed-in user (omarcm070400@gmail.com)
[info] 
     ######## #### ########  ######## ########     ###     ######  ########
     ##        ##  ##     ## ##       ##     ##  ##   ##  ##       ##
     ######    ##  ########  ######   ########  #########  ######  ######
     ##        ##  ##    ##  ##       ##     ## ##     ##       ## ##
     ##       #### ##     ## ######## ########  ##     ##  ######  ########

You're about to initialize a Firebase project in this directory:

  D:\iglesia\astronautical-aperture

[info] 
=== Project Setup
[info] 
[info] First, let's associate this project directory with a Firebase project.
[info] You can create multiple project aliases by running firebase use --add, 
[info] but for now we'll just set up a default project.
[info] 
[debug] [2023-09-07T20:28:16.834Z] >>> [apiv2][query] GET https://firebase.googleapis.com/v1beta1/projects pageSize=100
[debug] [2023-09-07T20:28:18.162Z] <<< [apiv2][status] GET https://firebase.googleapis.com/v1beta1/projects 200
[debug] [2023-09-07T20:28:18.162Z] <<< [apiv2][body] GET https://firebase.googleapis.com/v1beta1/projects [omitted]
[info] i  Using project ovcm-test (OVCM-TEST) 
[info] 
=== Hosting Setup
[info] 
[info] Your public directory is the folder (relative to your project directory) that
[info] will contain Hosting assets to be uploaded with firebase deploy. If you
[info] have a build process for your assets, use your build's output directory.
[info] 
[debug] [2023-09-07T20:28:32.130Z] >>> [apiv2][query] GET https://www.gstatic.com/firebasejs/releases.json [none]
[debug] [2023-09-07T20:28:32.914Z] <<< [apiv2][status] GET https://www.gstatic.com/firebasejs/releases.json 200
[debug] [2023-09-07T20:28:32.914Z] <<< [apiv2][body] GET https://www.gstatic.com/firebasejs/releases.json {"current":{"version":"10.3.1","browserURL":"https://www.gstatic.com/firebasejs/10.3.1/firebase.js","packageURL":"https://www.gstatic.com/firebasejs/10.3.1/firebase.tgz"},"live":{"version":"10.3","browserURL":"https://www.gstatic.com/firebasejs/live/10.3/firebase.js","packageURL":"https://www.gstatic.com/firebasejs/live/10.3/firebase.tgz"},"components":{"analytics":"https://www.gstatic.com/firebasejs/10.3.1/firebase-analytics.js","app":"https://www.gstatic.com/firebasejs/10.3.1/firebase-app.js","app-check":"https://www.gstatic.com/firebasejs/10.3.1/firebase-app-check.js","auth":"https://www.gstatic.com/firebasejs/10.3.1/firebase-auth.js","auth/cordova":"https://www.gstatic.com/firebasejs/10.3.1/firebase-auth/cordova.js","functions":"https://www.gstatic.com/firebasejs/10.3.1/firebase-functions.js","firestore":"https://www.gstatic.com/firebasejs/10.3.1/firebase-firestore.js","firestore/lite":"https://www.gstatic.com/firebasejs/10.3.1/firebase-firestore/lite.js","installations":"https://www.gstatic.com/firebasejs/10.3.1/firebase-installations.js","storage":"https://www.gstatic.com/firebasejs/10.3.1/firebase-storage.js","performance":"https://www.gstatic.com/firebasejs/10.3.1/firebase-performance.js","remote-config":"https://www.gstatic.com/firebasejs/10.3.1/firebase-remote-config.js","messaging":"https://www.gstatic.com/firebasejs/10.3.1/firebase-messaging.js","messaging/sw":"https://www.gstatic.com/firebasejs/10.3.1/firebase-messaging/sw.js","database":"https://www.gstatic.com/firebasejs/10.3.1/firebase-database.js","firestore.memory":"https://www.gstatic.com/firebasejs/10.3.1/firebase-firestore.memory.js"}}
[info] +  Wrote public/index.html 
[info] 
[info] i  Didn't detect a .git folder. Assuming D:\iglesia\astronautical-aperture is the project root. 
[info] i  Authorizing with GitHub to upload your service account to a GitHub repository's secrets store. 
[info] 
[info] Visit this URL on this device to log in:
[info] https://github.com/login/oauth/authorize?client_id=89cf50f02ac6aaed3484&state=879279931&redirect_uri=http%3A%2F%2Flocalhost%3A9005&scope=read%3Auser%20repo%20public_repo
[info] 
[info] Waiting for authentication...
[debug] [2023-09-07T20:28:37.825Z] >>> [apiv2][query] POST https://github.com/login/oauth/access_token [none]
[debug] [2023-09-07T20:28:37.825Z] >>> [apiv2][body] POST https://github.com/login/oauth/access_token [stream]
[debug] [2023-09-07T20:28:38.170Z] <<< [apiv2][status] POST https://github.com/login/oauth/access_token 200
[debug] [2023-09-07T20:28:38.170Z] <<< [apiv2][body] POST https://github.com/login/oauth/access_token {"access_token":"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","token_type":"bearer","scope":"read:user,repo"}
[debug] [2023-09-07T20:28:38.173Z] >>> [apiv2][query] GET https://api.github.com/user [none]
[debug] [2023-09-07T20:28:38.548Z] <<< [apiv2][status] GET https://api.github.com/user 200
[debug] [2023-09-07T20:28:38.549Z] <<< [apiv2][body] GET https://api.github.com/user {"login":"omarcaballero","id":39639425,"node_id":"MDQ6VXNlcjM5NjM5NDI1","avatar_url":"https://avatars.githubusercontent.com/u/39639425?v=4","gravatar_id":"","url":"https://api.github.com/users/omarcaballero","html_url":"https://github.com/omarcaballero","followers_url":"https://api.github.com/users/omarcaballero/followers","following_url":"https://api.github.com/users/omarcaballero/following{/other_user}","gists_url":"https://api.github.com/users/omarcaballero/gists{/gist_id}","starred_url":"https://api.github.com/users/omarcaballero/starred{/owner}{/repo}","subscriptions_url":"https://api.github.com/users/omarcaballero/subscriptions","organizations_url":"https://api.github.com/users/omarcaballero/orgs","repos_url":"https://api.github.com/users/omarcaballero/repos","events_url":"https://api.github.com/users/omarcaballero/events{/privacy}","received_events_url":"https://api.github.com/users/omarcaballero/received_events","type":"User","site_admin":false,"name":null,"company":null,"blog":"","location":null,"email":null,"hireable":null,"bio":null,"twitter_username":null,"public_repos":0,"public_gists":0,"followers":0,"following":0,"created_at":"2018-05-26T02:16:08Z","updated_at":"2023-08-08T14:54:52Z","private_gists":2,"total_private_repos":3,"owned_private_repos":3,"disk_usage":79715,"collaborators":1,"two_factor_authentication":false,"plan":{"name":"free","space":976562499,"collaborators":0,"private_repos":10000}}
[info] 
[info] +  Success! Logged into GitHub as omarcaballero 
[info] 
[debug] [2023-09-07T20:28:46.802Z] >>> [apiv2][query] GET https://api.github.com/repos/user/actions/secrets/public-key type=owner
[debug] [2023-09-07T20:28:47.113Z] <<< [apiv2][status] GET https://api.github.com/repos/user/actions/secrets/public-key 404
[debug] [2023-09-07T20:28:47.113Z] <<< [apiv2][body] GET https://api.github.com/repos/user/actions/secrets/public-key {"message":"Not Found","documentation_url":"https://docs.github.com/rest"}
[info] 
[info] 
[error] !  The provided authorization cannot be used with this repository. If this repository is in an organization, did you remember to grant access? 
[info] 
[info] i  Action required: Visit this URL to ensure access has been granted to the appropriate organization(s) for the Firebase CLI GitHub OAuth App: 
[info] https://github.com/settings/connections/applications/89cf50f02ac6aaed3484
[info] 
[debug] [2023-09-07T20:29:20.352Z] ----------------------------------------------------------------------
[debug] [2023-09-07T20:29:20.354Z] Command:       C:\Program Files\nodejs\node.exe C:\Users\omarc\AppData\Roaming\npm\node_modules\firebase-tools\lib\bin\firebase.js init
[debug] [2023-09-07T20:29:20.354Z] CLI Version:   12.5.2
[debug] [2023-09-07T20:29:20.355Z] Platform:      win32
[debug] [2023-09-07T20:29:20.355Z] Node Version:  v18.17.1
[debug] [2023-09-07T20:29:20.355Z] Time:          Thu Sep 07 2023 15:29:20 GMT-0500 (Peru Standard Time)
[debug] [2023-09-07T20:29:20.355Z] ----------------------------------------------------------------------
[debug] 
[debug] [2023-09-07T20:29:20.362Z] > command requires scopes: ["email","openid","https://www.googleapis.com/auth/cloudplatformprojects.readonly","https://www.googleapis.com/auth/firebase","https://www.googleapis.com/auth/cloud-platform"]
[debug] [2023-09-07T20:29:20.362Z] > authorizing via signed-in user (omarcm070400@gmail.com)
[info] 
     ######## #### ########  ######## ########     ###     ######  ########
     ##        ##  ##     ## ##       ##     ##  ##   ##  ##       ##
     ######    ##  ########  ######   ########  #########  ######  ######
     ##        ##  ##    ##  ##       ##     ## ##     ##       ## ##
     ##       #### ##     ## ######## ########  ##     ##  ######  ########

You're about to initialize a Firebase project in this directory:

  D:\iglesia\astronautical-aperture

[info] 
=== Project Setup
[info] 
[info] First, let's associate this project directory with a Firebase project.
[info] You can create multiple project aliases by running firebase use --add, 
[info] but for now we'll just set up a default project.
[info] 
[debug] [2023-09-07T20:29:30.370Z] >>> [apiv2][query] GET https://firebase.googleapis.com/v1beta1/projects pageSize=100
[debug] [2023-09-07T20:29:31.509Z] <<< [apiv2][status] GET https://firebase.googleapis.com/v1beta1/projects 200
[debug] [2023-09-07T20:29:31.509Z] <<< [apiv2][body] GET https://firebase.googleapis.com/v1beta1/projects [omitted]
[info] i  Using project ovcm-test (OVCM-TEST) 
[info] 
=== Hosting Setup
[info] 
[info] Your public directory is the folder (relative to your project directory) that
[info] will contain Hosting assets to be uploaded with firebase deploy. If you
[info] have a build process for your assets, use your build's output directory.
[info] 
[debug] [2023-09-07T20:30:16.519Z] >>> [apiv2][query] GET https://www.gstatic.com/firebasejs/releases.json [none]
[debug] [2023-09-07T20:30:17.217Z] <<< [apiv2][status] GET https://www.gstatic.com/firebasejs/releases.json 200
[debug] [2023-09-07T20:30:17.217Z] <<< [apiv2][body] GET https://www.gstatic.com/firebasejs/releases.json {"current":{"version":"10.3.1","browserURL":"https://www.gstatic.com/firebasejs/10.3.1/firebase.js","packageURL":"https://www.gstatic.com/firebasejs/10.3.1/firebase.tgz"},"live":{"version":"10.3","browserURL":"https://www.gstatic.com/firebasejs/live/10.3/firebase.js","packageURL":"https://www.gstatic.com/firebasejs/live/10.3/firebase.tgz"},"components":{"analytics":"https://www.gstatic.com/firebasejs/10.3.1/firebase-analytics.js","app":"https://www.gstatic.com/firebasejs/10.3.1/firebase-app.js","app-check":"https://www.gstatic.com/firebasejs/10.3.1/firebase-app-check.js","auth":"https://www.gstatic.com/firebasejs/10.3.1/firebase-auth.js","auth/cordova":"https://www.gstatic.com/firebasejs/10.3.1/firebase-auth/cordova.js","functions":"https://www.gstatic.com/firebasejs/10.3.1/firebase-functions.js","firestore":"https://www.gstatic.com/firebasejs/10.3.1/firebase-firestore.js","firestore/lite":"https://www.gstatic.com/firebasejs/10.3.1/firebase-firestore/lite.js","installations":"https://www.gstatic.com/firebasejs/10.3.1/firebase-installations.js","storage":"https://www.gstatic.com/firebasejs/10.3.1/firebase-storage.js","performance":"https://www.gstatic.com/firebasejs/10.3.1/firebase-performance.js","remote-config":"https://www.gstatic.com/firebasejs/10.3.1/firebase-remote-config.js","messaging":"https://www.gstatic.com/firebasejs/10.3.1/firebase-messaging.js","messaging/sw":"https://www.gstatic.com/firebasejs/10.3.1/firebase-messaging/sw.js","database":"https://www.gstatic.com/firebasejs/10.3.1/firebase-database.js","firestore.memory":"https://www.gstatic.com/firebasejs/10.3.1/firebase-firestore.memory.js"}}
[info] +  Wrote public/index.html 
[info] 
[info] i  Detected a .git folder at D:\iglesia\astronautical-aperture 
[info] i  Authorizing with GitHub to upload your service account to a GitHub repository's secrets store. 
[info] 
[info] Visit this URL on this device to log in:
[info] https://github.com/login/oauth/authorize?client_id=89cf50f02ac6aaed3484&state=281375974&redirect_uri=http%3A%2F%2Flocalhost%3A9005&scope=read%3Auser%20repo%20public_repo
[info] 
[info] Waiting for authentication...
[debug] [2023-09-07T20:30:19.414Z] >>> [apiv2][query] POST https://github.com/login/oauth/access_token [none]
[debug] [2023-09-07T20:30:19.414Z] >>> [apiv2][body] POST https://github.com/login/oauth/access_token [stream]
[debug] [2023-09-07T20:30:19.797Z] <<< [apiv2][status] POST https://github.com/login/oauth/access_token 200
[debug] [2023-09-07T20:30:19.797Z] <<< [apiv2][body] POST https://github.com/login/oauth/access_token {"access_token":"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","token_type":"bearer","scope":"read:user,repo"}
[debug] [2023-09-07T20:30:19.800Z] >>> [apiv2][query] GET https://api.github.com/user [none]
[debug] [2023-09-07T20:30:20.190Z] <<< [apiv2][status] GET https://api.github.com/user 200
[debug] [2023-09-07T20:30:20.190Z] <<< [apiv2][body] GET https://api.github.com/user {"login":"omarcaballero","id":39639425,"node_id":"MDQ6VXNlcjM5NjM5NDI1","avatar_url":"https://avatars.githubusercontent.com/u/39639425?v=4","gravatar_id":"","url":"https://api.github.com/users/omarcaballero","html_url":"https://github.com/omarcaballero","followers_url":"https://api.github.com/users/omarcaballero/followers","following_url":"https://api.github.com/users/omarcaballero/following{/other_user}","gists_url":"https://api.github.com/users/omarcaballero/gists{/gist_id}","starred_url":"https://api.github.com/users/omarcaballero/starred{/owner}{/repo}","subscriptions_url":"https://api.github.com/users/omarcaballero/subscriptions","organizations_url":"https://api.github.com/users/omarcaballero/orgs","repos_url":"https://api.github.com/users/omarcaballero/repos","events_url":"https://api.github.com/users/omarcaballero/events{/privacy}","received_events_url":"https://api.github.com/users/omarcaballero/received_events","type":"User","site_admin":false,"name":null,"company":null,"blog":"","location":null,"email":null,"hireable":null,"bio":null,"twitter_username":null,"public_repos":0,"public_gists":0,"followers":0,"following":0,"created_at":"2018-05-26T02:16:08Z","updated_at":"2023-08-08T14:54:52Z","private_gists":2,"total_private_repos":3,"owned_private_repos":3,"disk_usage":79715,"collaborators":1,"two_factor_authentication":false,"plan":{"name":"free","space":976562499,"collaborators":0,"private_repos":10000}}
[info] 
[info] +  Success! Logged into GitHub as omarcaballero 
[info] 
[debug] [2023-09-07T20:30:29.727Z] >>> [apiv2][query] GET https://api.github.com/repos/repository/actions/secrets/public-key type=owner
[debug] [2023-09-07T20:30:30.079Z] <<< [apiv2][status] GET https://api.github.com/repos/repository/actions/secrets/public-key 404
[debug] [2023-09-07T20:30:30.079Z] <<< [apiv2][body] GET https://api.github.com/repos/repository/actions/secrets/public-key {"message":"Not Found","documentation_url":"https://docs.github.com/rest"}
[info] 
[info] 
[error] !  The provided authorization cannot be used with this repository. If this repository is in an organization, did you remember to grant access? 
[info] 
[info] i  Action required: Visit this URL to ensure access has been granted to the appropriate organization(s) for the Firebase CLI GitHub OAuth App: 
[info] https://github.com/settings/connections/applications/89cf50f02ac6aaed3484
[info] 
[debug] [2023-09-07T20:50:52.876Z] ----------------------------------------------------------------------
[debug] [2023-09-07T20:50:52.878Z] Command:       C:\Program Files\nodejs\node.exe C:\Users\omarc\AppData\Roaming\npm\node_modules\firebase-tools\lib\bin\firebase.js init
[debug] [2023-09-07T20:50:52.878Z] CLI Version:   12.5.2
[debug] [2023-09-07T20:50:52.878Z] Platform:      win32
[debug] [2023-09-07T20:50:52.878Z] Node Version:  v18.17.1
[debug] [2023-09-07T20:50:52.879Z] Time:          Thu Sep 07 2023 15:50:52 GMT-0500 (Peru Standard Time)
[debug] [2023-09-07T20:50:52.879Z] ----------------------------------------------------------------------
[debug] 
[debug] [2023-09-07T20:50:52.886Z] > command requires scopes: ["email","openid","https://www.googleapis.com/auth/cloudplatformprojects.readonly","https://www.googleapis.com/auth/firebase","https://www.googleapis.com/auth/cloud-platform"]
[debug] [2023-09-07T20:50:52.886Z] > authorizing via signed-in user (omarcm070400@gmail.com)
[info] 
     ######## #### ########  ######## ########     ###     ######  ########
     ##        ##  ##     ## ##       ##     ##  ##   ##  ##       ##
     ######    ##  ########  ######   ########  #########  ######  ######
     ##        ##  ##    ##  ##       ##     ## ##     ##       ## ##
     ##       #### ##     ## ######## ########  ##     ##  ######  ########

You're about to initialize a Firebase project in this directory:

  D:\iglesia\astronautical-aperture

[info] 
=== Project Setup
[info] 
[info] First, let's associate this project directory with a Firebase project.
[info] You can create multiple project aliases by running firebase use --add, 
[info] but for now we'll just set up a default project.
[info] 
[debug] [2023-09-07T20:51:10.027Z] >>> [apiv2][query] GET https://firebase.googleapis.com/v1beta1/projects pageSize=100
[debug] [2023-09-07T20:51:11.085Z] <<< [apiv2][status] GET https://firebase.googleapis.com/v1beta1/projects 200
[debug] [2023-09-07T20:51:11.085Z] <<< [apiv2][body] GET https://firebase.googleapis.com/v1beta1/projects [omitted]
[info] i  Using project ovcm-test (OVCM-TEST) 
[info] 
=== Hosting Setup
[info] 
[info] Your public directory is the folder (relative to your project directory) that
[info] will contain Hosting assets to be uploaded with firebase deploy. If you
[info] have a build process for your assets, use your build's output directory.
[info] 
[debug] [2023-09-07T20:51:22.521Z] >>> [apiv2][query] GET https://www.gstatic.com/firebasejs/releases.json [none]
[debug] [2023-09-07T20:51:23.246Z] <<< [apiv2][status] GET https://www.gstatic.com/firebasejs/releases.json 200
[debug] [2023-09-07T20:51:23.246Z] <<< [apiv2][body] GET https://www.gstatic.com/firebasejs/releases.json {"current":{"version":"10.3.1","browserURL":"https://www.gstatic.com/firebasejs/10.3.1/firebase.js","packageURL":"https://www.gstatic.com/firebasejs/10.3.1/firebase.tgz"},"live":{"version":"10.3","browserURL":"https://www.gstatic.com/firebasejs/live/10.3/firebase.js","packageURL":"https://www.gstatic.com/firebasejs/live/10.3/firebase.tgz"},"components":{"analytics":"https://www.gstatic.com/firebasejs/10.3.1/firebase-analytics.js","app":"https://www.gstatic.com/firebasejs/10.3.1/firebase-app.js","app-check":"https://www.gstatic.com/firebasejs/10.3.1/firebase-app-check.js","auth":"https://www.gstatic.com/firebasejs/10.3.1/firebase-auth.js","auth/cordova":"https://www.gstatic.com/firebasejs/10.3.1/firebase-auth/cordova.js","functions":"https://www.gstatic.com/firebasejs/10.3.1/firebase-functions.js","firestore":"https://www.gstatic.com/firebasejs/10.3.1/firebase-firestore.js","firestore/lite":"https://www.gstatic.com/firebasejs/10.3.1/firebase-firestore/lite.js","installations":"https://www.gstatic.com/firebasejs/10.3.1/firebase-installations.js","storage":"https://www.gstatic.com/firebasejs/10.3.1/firebase-storage.js","performance":"https://www.gstatic.com/firebasejs/10.3.1/firebase-performance.js","remote-config":"https://www.gstatic.com/firebasejs/10.3.1/firebase-remote-config.js","messaging":"https://www.gstatic.com/firebasejs/10.3.1/firebase-messaging.js","messaging/sw":"https://www.gstatic.com/firebasejs/10.3.1/firebase-messaging/sw.js","database":"https://www.gstatic.com/firebasejs/10.3.1/firebase-database.js","firestore.memory":"https://www.gstatic.com/firebasejs/10.3.1/firebase-firestore.memory.js"}}
[info] +  Wrote public/index.html 
[info] 
[info] i  Detected a .git folder at D:\iglesia\astronautical-aperture 
[info] i  Authorizing with GitHub to upload your service account to a GitHub repository's secrets store. 
[info] 
[info] Visit this URL on this device to log in:
[info] https://github.com/login/oauth/authorize?client_id=89cf50f02ac6aaed3484&state=463695606&redirect_uri=http%3A%2F%2Flocalhost%3A9005&scope=read%3Auser%20repo%20public_repo
[info] 
[info] Waiting for authentication...
[debug] [2023-09-07T20:51:26.189Z] >>> [apiv2][query] POST https://github.com/login/oauth/access_token [none]
[debug] [2023-09-07T20:51:26.189Z] >>> [apiv2][body] POST https://github.com/login/oauth/access_token [stream]
[debug] [2023-09-07T20:51:26.562Z] <<< [apiv2][status] POST https://github.com/login/oauth/access_token 200
[debug] [2023-09-07T20:51:26.562Z] <<< [apiv2][body] POST https://github.com/login/oauth/access_token {"access_token":"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","token_type":"bearer","scope":"read:user,repo"}
[debug] [2023-09-07T20:51:26.565Z] >>> [apiv2][query] GET https://api.github.com/user [none]
[debug] [2023-09-07T20:51:27.075Z] <<< [apiv2][status] GET https://api.github.com/user 200
[debug] [2023-09-07T20:51:27.075Z] <<< [apiv2][body] GET https://api.github.com/user {"login":"omarcaballero","id":39639425,"node_id":"MDQ6VXNlcjM5NjM5NDI1","avatar_url":"https://avatars.githubusercontent.com/u/39639425?v=4","gravatar_id":"","url":"https://api.github.com/users/omarcaballero","html_url":"https://github.com/omarcaballero","followers_url":"https://api.github.com/users/omarcaballero/followers","following_url":"https://api.github.com/users/omarcaballero/following{/other_user}","gists_url":"https://api.github.com/users/omarcaballero/gists{/gist_id}","starred_url":"https://api.github.com/users/omarcaballero/starred{/owner}{/repo}","subscriptions_url":"https://api.github.com/users/omarcaballero/subscriptions","organizations_url":"https://api.github.com/users/omarcaballero/orgs","repos_url":"https://api.github.com/users/omarcaballero/repos","events_url":"https://api.github.com/users/omarcaballero/events{/privacy}","received_events_url":"https://api.github.com/users/omarcaballero/received_events","type":"User","site_admin":false,"name":null,"company":null,"blog":"","location":null,"email":null,"hireable":null,"bio":null,"twitter_username":null,"public_repos":0,"public_gists":0,"followers":0,"following":0,"created_at":"2018-05-26T02:16:08Z","updated_at":"2023-08-08T14:54:52Z","private_gists":2,"total_private_repos":3,"owned_private_repos":3,"disk_usage":79715,"collaborators":1,"two_factor_authentication":false,"plan":{"name":"free","space":976562499,"collaborators":0,"private_repos":10000}}
[info] 
[info] +  Success! Logged into GitHub as omarcaballero 
[info] 
[debug] [2023-09-07T20:51:36.440Z] >>> [apiv2][query] GET https://api.github.com/repos/repository/actions/secrets/public-key type=owner
[debug] [2023-09-07T20:51:36.783Z] <<< [apiv2][status] GET https://api.github.com/repos/repository/actions/secrets/public-key 404
[debug] [2023-09-07T20:51:36.784Z] <<< [apiv2][body] GET https://api.github.com/repos/repository/actions/secrets/public-key {"message":"Not Found","documentation_url":"https://docs.github.com/rest"}
[info] 
[info] 
[error] !  The provided authorization cannot be used with this repository. If this repository is in an organization, did you remember to grant access? 
[info] 
[info] i  Action required: Visit this URL to ensure access has been granted to the appropriate organization(s) for the Firebase CLI GitHub OAuth App: 
[info] https://github.com/settings/connections/applications/89cf50f02ac6aaed3484
[info] 
